[INFO] Scanning for projects...
[INFO] 
[INFO] -----------------------< com.biblio:emprunt2023 >-----------------------
[INFO] Building emprunt2023 0.0.1-SNAPSHOT
[INFO]   from pom.xml
[INFO] --------------------------------[ jar ]---------------------------------
[INFO] 
[INFO] >>> spring-boot:3.5.9:run (default-cli) > test-compile @ emprunt2023 >>>
[INFO] 
[INFO] --- resources:3.3.1:resources (default-resources) @ emprunt2023 ---
[INFO] Copying 1 resource from src\main\resources to target\classes
[INFO] Copying 0 resource from src\main\resources to target\classes
[INFO] 
[INFO] --- compiler:3.14.1:compile (default-compile) @ emprunt2023 ---
[INFO] Nothing to compile - all classes are up to date.
[INFO] 
[INFO] --- resources:3.3.1:testResources (default-testResources) @ emprunt2023 ---
[INFO] skip non existing resourceDirectory C:\Users\AC2I\Desktop\lefort\biblio-lefort\emprunt2023\src\test\resources
[INFO] 
[INFO] --- compiler:3.14.1:testCompile (default-testCompile) @ emprunt2023 ---
[INFO] Nothing to compile - all classes are up to date.
[INFO] 
[INFO] <<< spring-boot:3.5.9:run (default-cli) < test-compile @ emprunt2023 <<<
[INFO] 
[INFO] 
[INFO] --- spring-boot:3.5.9:run (default-cli) @ emprunt2023 ---
[INFO] Attaching agents: []

  .   ____          _            __ _ _
 /\\ / ___'_ __ _ _(_)_ __  __ _ \ \ \ \
( ( )\___ | '_ | '_| | '_ \/ _` | \ \ \ \
 \\/  ___)| |_)| | | | | || (_| |  ) ) ) )
  '  |____| .__|_| |_|_| |_\__, | / / / /
 =========|_|==============|___/=/_/_/_/

 :: Spring Boot ::                (v3.5.9)

2026-01-06T15:32:04.140+01:00  INFO 27448 --- [emprunt2023] [           main] c.b.emprunt2023.Emprunt2023Application   : Starting Emprunt2023Application using Java 17.0.12 with PID 27448 (C:\Users\AC2I\Desktop\lefort\biblio-lefort\emprunt2023\target\classes started by AC2I in C:\Users\AC2I\Desktop\lefort\biblio-lefort\emprunt2023)
2026-01-06T15:32:04.151+01:00  INFO 27448 --- [emprunt2023] [           main] c.b.emprunt2023.Emprunt2023Application   : No active profile set, falling back to 1 default profile: "default"
2026-01-06T15:32:06.286+01:00  INFO 27448 --- [emprunt2023] [           main] .s.d.r.c.RepositoryConfigurationDelegate : Bootstrapping Spring Data JPA repositories in DEFAULT mode.
2026-01-06T15:32:06.675+01:00  INFO 27448 --- [emprunt2023] [           main] .s.d.r.c.RepositoryConfigurationDelegate : Finished Spring Data repository scanning in 362 ms. Found 1 JPA repository interface.
2026-01-06T15:32:07.123+01:00  INFO 27448 --- [emprunt2023] [           main] o.s.cloud.context.scope.GenericScope     : BeanFactory id=30e46640-0da7-3a51-abc0-1d0ff0dedd62
2026-01-06T15:32:07.838+01:00  INFO 27448 --- [emprunt2023] [           main] o.s.b.w.embedded.tomcat.TomcatWebServer  : Tomcat initialized with port 2025 (http)
2026-01-06T15:32:07.857+01:00  INFO 27448 --- [emprunt2023] [           main] o.apache.catalina.core.StandardService   : Starting service [Tomcat]
2026-01-06T15:32:07.858+01:00  INFO 27448 --- [emprunt2023] [           main] o.apache.catalina.core.StandardEngine    : Starting Servlet engine: [Apache Tomcat/10.1.50]
2026-01-06T15:32:07.970+01:00  INFO 27448 --- [emprunt2023] [           main] o.a.c.c.C.[Tomcat].[localhost].[/]       : Initializing Spring embedded WebApplicationContext
2026-01-06T15:32:07.971+01:00  INFO 27448 --- [emprunt2023] [           main] w.s.c.ServletWebServerApplicationContext : Root WebApplicationContext: initialization completed in 3711 ms
2026-01-06T15:32:08.493+01:00  INFO 27448 --- [emprunt2023] [           main] com.zaxxer.hikari.HikariDataSource       : HikariPool-1 - Starting...
2026-01-06T15:32:08.863+01:00  INFO 27448 --- [emprunt2023] [           main] com.zaxxer.hikari.pool.HikariPool        : HikariPool-1 - Added connection conn0: url=jdbc:h2:mem:emprunts-db user=SA
2026-01-06T15:32:08.867+01:00  INFO 27448 --- [emprunt2023] [           main] com.zaxxer.hikari.HikariDataSource       : HikariPool-1 - Start completed.
2026-01-06T15:32:08.953+01:00  INFO 27448 --- [emprunt2023] [           main] o.hibernate.jpa.internal.util.LogHelper  : HHH000204: Processing PersistenceUnitInfo [name: default]
2026-01-06T15:32:09.061+01:00  INFO 27448 --- [emprunt2023] [           main] org.hibernate.Version                    : HHH000412: Hibernate ORM core version 6.6.39.Final
2026-01-06T15:32:09.096+01:00  INFO 27448 --- [emprunt2023] [           main] o.h.c.internal.RegionFactoryInitiator    : HHH000026: Second-level cache disabled
2026-01-06T15:32:09.445+01:00  INFO 27448 --- [emprunt2023] [           main] o.s.o.j.p.SpringPersistenceUnitInfo      : No LoadTimeWeaver setup: ignoring JPA class transformer
2026-01-06T15:32:09.588+01:00  INFO 27448 --- [emprunt2023] [           main] org.hibernate.orm.connections.pooling    : HHH10001005: Database info:
	Database JDBC URL [Connecting through datasource 'HikariDataSource (HikariPool-1)']
	Database driver: undefined/unknown
	Database version: 2.3.232
	Autocommit mode: undefined/unknown
	Isolation level: undefined/unknown
	Minimum pool size: undefined/unknown
	Maximum pool size: undefined/unknown
2026-01-06T15:32:10.731+01:00  INFO 27448 --- [emprunt2023] [           main] o.h.e.t.j.p.i.JtaPlatformInitiator       : HHH000489: No JTA platform available (set 'hibernate.transaction.jta.platform' to enable JTA platform integration)
2026-01-06T15:32:10.844+01:00  INFO 27448 --- [emprunt2023] [           main] j.LocalContainerEntityManagerFactoryBean : Initialized JPA EntityManagerFactory for persistence unit 'default'
2026-01-06T15:32:11.566+01:00  WARN 27448 --- [emprunt2023] [           main] JpaBaseConfiguration$JpaWebConfiguration : spring.jpa.open-in-view is enabled by default. Therefore, database queries may be performed during view rendering. Explicitly configure spring.jpa.open-in-view to disable this warning
2026-01-06T15:32:12.393+01:00  INFO 27448 --- [emprunt2023] [           main] o.s.c.openfeign.FeignClientFactoryBean   : For 'ETUDIANT2023' URL not provided. Will try picking an instance via load-balancing.
2026-01-06T15:32:12.502+01:00  INFO 27448 --- [emprunt2023] [           main] o.s.c.openfeign.FeignClientFactoryBean   : For 'LIVRE2023' URL not provided. Will try picking an instance via load-balancing.
2026-01-06T15:32:13.328+01:00  INFO 27448 --- [emprunt2023] [           main] o.s.b.a.h2.H2ConsoleAutoConfiguration    : H2 console available at '/h2-console'. Database available at 'jdbc:h2:mem:emprunts-db'
2026-01-06T15:32:13.712+01:00  INFO 27448 --- [emprunt2023] [           main] DiscoveryClientOptionalArgsConfiguration : Eureka HTTP Client uses RestTemplate.
2026-01-06T15:32:13.766+01:00  WARN 27448 --- [emprunt2023] [           main] iguration$LoadBalancerCaffeineWarnLogger : Spring Cloud LoadBalancer is currently working with the default cache. While this cache implementation is useful for development and tests, it's recommended to use Caffeine cache in production.You can switch to using Caffeine cache, by adding it and org.springframework.cache.caffeine.CaffeineCacheManager to the classpath.
2026-01-06T15:32:13.788+01:00  INFO 27448 --- [emprunt2023] [           main] o.s.b.a.e.web.EndpointLinksResolver      : Exposing 1 endpoint beneath base path '/actuator'
2026-01-06T15:32:13.863+01:00  INFO 27448 --- [emprunt2023] [           main] o.s.c.n.eureka.InstanceInfoFactory       : Setting initial instance status as: STARTING
2026-01-06T15:32:13.896+01:00  INFO 27448 --- [emprunt2023] [           main] com.netflix.discovery.DiscoveryClient    : Initializing Eureka in region us-east-1
2026-01-06T15:32:13.900+01:00  INFO 27448 --- [emprunt2023] [           main] c.n.d.s.r.aws.ConfigClusterResolver      : Resolving eureka endpoints via configuration
2026-01-06T15:32:13.910+01:00  INFO 27448 --- [emprunt2023] [           main] com.netflix.discovery.DiscoveryClient    : Disable delta property : false
2026-01-06T15:32:13.911+01:00  INFO 27448 --- [emprunt2023] [           main] com.netflix.discovery.DiscoveryClient    : Single vip registry refresh property : null
2026-01-06T15:32:13.911+01:00  INFO 27448 --- [emprunt2023] [           main] com.netflix.discovery.DiscoveryClient    : Force full registry fetch : false
2026-01-06T15:32:13.911+01:00  INFO 27448 --- [emprunt2023] [           main] com.netflix.discovery.DiscoveryClient    : Application is null : false
2026-01-06T15:32:13.911+01:00  INFO 27448 --- [emprunt2023] [           main] com.netflix.discovery.DiscoveryClient    : Registered Applications size is zero : true
2026-01-06T15:32:13.911+01:00  INFO 27448 --- [emprunt2023] [           main] com.netflix.discovery.DiscoveryClient    : Application version is -1: true
2026-01-06T15:32:13.911+01:00  INFO 27448 --- [emprunt2023] [           main] com.netflix.discovery.DiscoveryClient    : Getting all instance registry info from the eureka server
2026-01-06T15:32:14.492+01:00  INFO 27448 --- [emprunt2023] [           main] com.netflix.discovery.DiscoveryClient    : The response status is 200
2026-01-06T15:32:14.495+01:00  INFO 27448 --- [emprunt2023] [           main] com.netflix.discovery.DiscoveryClient    : Starting heartbeat executor: renew interval is: 30
2026-01-06T15:32:14.497+01:00  INFO 27448 --- [emprunt2023] [           main] c.n.discovery.InstanceInfoReplicator     : InstanceInfoReplicator onDemand update allowed rate per min is 4
2026-01-06T15:32:14.499+01:00  INFO 27448 --- [emprunt2023] [           main] com.netflix.discovery.DiscoveryClient    : Discovery Client initialized at timestamp 1767709934498 with initial instances count: 2
2026-01-06T15:32:14.504+01:00  INFO 27448 --- [emprunt2023] [           main] o.s.c.n.e.s.EurekaServiceRegistry        : Registering application EMPRUNT2023 with eureka with status UP
2026-01-06T15:32:14.504+01:00  INFO 27448 --- [emprunt2023] [           main] com.netflix.discovery.DiscoveryClient    : Saw local status change event StatusChangeEvent [timestamp=1767709934504, current=UP, previous=STARTING]
2026-01-06T15:32:14.564+01:00  INFO 27448 --- [emprunt2023] [foReplicator-%d] com.netflix.discovery.DiscoveryClient    : DiscoveryClient_EMPRUNT2023/AC2I:emprunt2023:2025: registering service...
2026-01-06T15:32:14.571+01:00  INFO 27448 --- [emprunt2023] [           main] o.s.b.w.embedded.tomcat.TomcatWebServer  : Tomcat started on port 2025 (http) with context path '/'
2026-01-06T15:32:14.572+01:00  INFO 27448 --- [emprunt2023] [           main] .s.c.n.e.s.EurekaAutoServiceRegistration : Updating port to 2025
2026-01-06T15:32:14.616+01:00  INFO 27448 --- [emprunt2023] [foReplicator-%d] com.netflix.discovery.DiscoveryClient    : DiscoveryClient_EMPRUNT2023/AC2I:emprunt2023:2025 - registration status: 204
2026-01-06T15:32:15.004+01:00  INFO 27448 --- [emprunt2023] [           main] c.b.emprunt2023.Emprunt2023Application   : Started Emprunt2023Application in 12.803 seconds (process running for 14.52)
