[INFO] Scanning for projects...
[INFO] 
[INFO] ----------------------< com.biblio:etudiant2023 >-----------------------
[INFO] Building etudiant2023 0.0.1-SNAPSHOT
[INFO]   from pom.xml
[INFO] --------------------------------[ jar ]---------------------------------
[INFO] 
[INFO] >>> spring-boot:3.5.9:run (default-cli) > test-compile @ etudiant2023 >>>
[INFO] 
[INFO] --- resources:3.3.1:resources (default-resources) @ etudiant2023 ---
[INFO] Copying 1 resource from src\main\resources to target\classes
[INFO] Copying 0 resource from src\main\resources to target\classes
[INFO] 
[INFO] --- compiler:3.14.1:compile (default-compile) @ etudiant2023 ---
[INFO] Nothing to compile - all classes are up to date.
[INFO] 
[INFO] --- resources:3.3.1:testResources (default-testResources) @ etudiant2023 ---
[INFO] skip non existing resourceDirectory C:\Users\AC2I\Desktop\lefort\biblio-lefort\etudiant2023\src\test\resources
[INFO] 
[INFO] --- compiler:3.14.1:testCompile (default-testCompile) @ etudiant2023 ---
[INFO] Nothing to compile - all classes are up to date.
[INFO] 
[INFO] <<< spring-boot:3.5.9:run (default-cli) < test-compile @ etudiant2023 <<<
[INFO] 
[INFO] 
[INFO] --- spring-boot:3.5.9:run (default-cli) @ etudiant2023 ---
[INFO] Attaching agents: []

  .   ____          _            __ _ _
 /\\ / ___'_ __ _ _(_)_ __  __ _ \ \ \ \
( ( )\___ | '_ | '_| | '_ \/ _` | \ \ \ \
 \\/  ___)| |_)| | | | | || (_| |  ) ) ) )
  '  |____| .__|_| |_|_| |_\__, | / / / /
 =========|_|==============|___/=/_/_/_/

 :: Spring Boot ::                (v3.5.9)

2026-01-06T15:31:44.812+01:00  INFO 6028 --- [etudiant2023] [           main] c.b.e.Etudiant2023Application            : Starting Etudiant2023Application using Java 17.0.12 with PID 6028 (C:\Users\AC2I\Desktop\lefort\biblio-lefort\etudiant2023\target\classes started by AC2I in C:\Users\AC2I\Desktop\lefort\biblio-lefort\etudiant2023)
2026-01-06T15:31:44.815+01:00  INFO 6028 --- [etudiant2023] [           main] c.b.e.Etudiant2023Application            : No active profile set, falling back to 1 default profile: "default"
2026-01-06T15:31:44.860+01:00  INFO 6028 --- [etudiant2023] [           main] o.s.c.c.c.ConfigServerConfigDataLoader   : Fetching config from server at : http://localhost:9999
2026-01-06T15:31:44.860+01:00  INFO 6028 --- [etudiant2023] [           main] o.s.c.c.c.ConfigServerConfigDataLoader   : Located environment: name=etudiant2023, profiles=[default], label=null, version=null, state=null
2026-01-06T15:31:47.255+01:00  INFO 6028 --- [etudiant2023] [           main] .s.d.r.c.RepositoryConfigurationDelegate : Bootstrapping Spring Data JPA repositories in DEFAULT mode.
2026-01-06T15:31:47.643+01:00  INFO 6028 --- [etudiant2023] [           main] .s.d.r.c.RepositoryConfigurationDelegate : Finished Spring Data repository scanning in 372 ms. Found 1 JPA repository interface.
2026-01-06T15:31:48.210+01:00  INFO 6028 --- [etudiant2023] [           main] o.s.cloud.context.scope.GenericScope     : BeanFactory id=e64d23ab-e456-330c-92c1-f82c6238fcf4
2026-01-06T15:31:49.169+01:00  INFO 6028 --- [etudiant2023] [           main] o.s.b.w.embedded.tomcat.TomcatWebServer  : Tomcat initialized with port 2023 (http)
2026-01-06T15:31:49.202+01:00  INFO 6028 --- [etudiant2023] [           main] o.apache.catalina.core.StandardService   : Starting service [Tomcat]
2026-01-06T15:31:49.203+01:00  INFO 6028 --- [etudiant2023] [           main] o.apache.catalina.core.StandardEngine    : Starting Servlet engine: [Apache Tomcat/10.1.50]
2026-01-06T15:31:49.430+01:00  INFO 6028 --- [etudiant2023] [           main] o.a.c.c.C.[Tomcat].[localhost].[/]       : Initializing Spring embedded WebApplicationContext
2026-01-06T15:31:49.433+01:00  INFO 6028 --- [etudiant2023] [           main] w.s.c.ServletWebServerApplicationContext : Root WebApplicationContext: initialization completed in 4567 ms
2026-01-06T15:31:50.163+01:00  INFO 6028 --- [etudiant2023] [           main] com.zaxxer.hikari.HikariDataSource       : HikariPool-1 - Starting...
2026-01-06T15:31:50.842+01:00  INFO 6028 --- [etudiant2023] [           main] com.zaxxer.hikari.pool.HikariPool        : HikariPool-1 - Added connection conn0: url=jdbc:h2:mem:etudiants-db user=SA
2026-01-06T15:31:50.846+01:00  INFO 6028 --- [etudiant2023] [           main] com.zaxxer.hikari.HikariDataSource       : HikariPool-1 - Start completed.
2026-01-06T15:31:50.933+01:00  INFO 6028 --- [etudiant2023] [           main] o.hibernate.jpa.internal.util.LogHelper  : HHH000204: Processing PersistenceUnitInfo [name: default]
2026-01-06T15:31:51.049+01:00  INFO 6028 --- [etudiant2023] [           main] org.hibernate.Version                    : HHH000412: Hibernate ORM core version 6.6.39.Final
2026-01-06T15:31:51.142+01:00  INFO 6028 --- [etudiant2023] [           main] o.h.c.internal.RegionFactoryInitiator    : HHH000026: Second-level cache disabled
2026-01-06T15:31:51.832+01:00  INFO 6028 --- [etudiant2023] [           main] o.s.o.j.p.SpringPersistenceUnitInfo      : No LoadTimeWeaver setup: ignoring JPA class transformer
2026-01-06T15:31:52.020+01:00  INFO 6028 --- [etudiant2023] [           main] org.hibernate.orm.connections.pooling    : HHH10001005: Database info:
	Database JDBC URL [Connecting through datasource 'HikariDataSource (HikariPool-1)']
	Database driver: undefined/unknown
	Database version: 2.3.232
	Autocommit mode: undefined/unknown
	Isolation level: undefined/unknown
	Minimum pool size: undefined/unknown
	Maximum pool size: undefined/unknown
2026-01-06T15:31:54.149+01:00  INFO 6028 --- [etudiant2023] [           main] o.h.e.t.j.p.i.JtaPlatformInitiator       : HHH000489: No JTA platform available (set 'hibernate.transaction.jta.platform' to enable JTA platform integration)
2026-01-06T15:31:54.272+01:00  INFO 6028 --- [etudiant2023] [           main] j.LocalContainerEntityManagerFactoryBean : Initialized JPA EntityManagerFactory for persistence unit 'default'
2026-01-06T15:31:54.821+01:00  WARN 6028 --- [etudiant2023] [           main] JpaBaseConfiguration$JpaWebConfiguration : spring.jpa.open-in-view is enabled by default. Therefore, database queries may be performed during view rendering. Explicitly configure spring.jpa.open-in-view to disable this warning
2026-01-06T15:31:57.533+01:00  INFO 6028 --- [etudiant2023] [           main] o.s.b.a.h2.H2ConsoleAutoConfiguration    : H2 console available at '/h2-console'. Database available at 'jdbc:h2:mem:etudiants-db'
2026-01-06T15:31:58.049+01:00  INFO 6028 --- [etudiant2023] [           main] DiscoveryClientOptionalArgsConfiguration : Eureka HTTP Client uses RestTemplate.
2026-01-06T15:31:58.136+01:00  WARN 6028 --- [etudiant2023] [           main] iguration$LoadBalancerCaffeineWarnLogger : Spring Cloud LoadBalancer is currently working with the default cache. While this cache implementation is useful for development and tests, it's recommended to use Caffeine cache in production.You can switch to using Caffeine cache, by adding it and org.springframework.cache.caffeine.CaffeineCacheManager to the classpath.
2026-01-06T15:31:58.147+01:00  INFO 6028 --- [etudiant2023] [           main] o.s.b.a.e.web.EndpointLinksResolver      : Exposing 16 endpoints beneath base path '/actuator'
2026-01-06T15:31:58.325+01:00  INFO 6028 --- [etudiant2023] [           main] o.s.c.n.eureka.InstanceInfoFactory       : Setting initial instance status as: STARTING
2026-01-06T15:31:58.394+01:00  INFO 6028 --- [etudiant2023] [           main] com.netflix.discovery.DiscoveryClient    : Initializing Eureka in region us-east-1
2026-01-06T15:31:58.406+01:00  INFO 6028 --- [etudiant2023] [           main] c.n.d.s.r.aws.ConfigClusterResolver      : Resolving eureka endpoints via configuration
2026-01-06T15:31:58.436+01:00  INFO 6028 --- [etudiant2023] [           main] com.netflix.discovery.DiscoveryClient    : Disable delta property : false
2026-01-06T15:31:58.436+01:00  INFO 6028 --- [etudiant2023] [           main] com.netflix.discovery.DiscoveryClient    : Single vip registry refresh property : null
2026-01-06T15:31:58.437+01:00  INFO 6028 --- [etudiant2023] [           main] com.netflix.discovery.DiscoveryClient    : Force full registry fetch : false
2026-01-06T15:31:58.437+01:00  INFO 6028 --- [etudiant2023] [           main] com.netflix.discovery.DiscoveryClient    : Application is null : false
2026-01-06T15:31:58.437+01:00  INFO 6028 --- [etudiant2023] [           main] com.netflix.discovery.DiscoveryClient    : Registered Applications size is zero : true
2026-01-06T15:31:58.438+01:00  INFO 6028 --- [etudiant2023] [           main] com.netflix.discovery.DiscoveryClient    : Application version is -1: true
2026-01-06T15:31:58.438+01:00  INFO 6028 --- [etudiant2023] [           main] com.netflix.discovery.DiscoveryClient    : Getting all instance registry info from the eureka server
2026-01-06T15:31:59.404+01:00  INFO 6028 --- [etudiant2023] [           main] com.netflix.discovery.DiscoveryClient    : The response status is 200
2026-01-06T15:31:59.409+01:00  INFO 6028 --- [etudiant2023] [           main] com.netflix.discovery.DiscoveryClient    : Starting heartbeat executor: renew interval is: 30
2026-01-06T15:31:59.416+01:00  INFO 6028 --- [etudiant2023] [           main] c.n.discovery.InstanceInfoReplicator     : InstanceInfoReplicator onDemand update allowed rate per min is 4
2026-01-06T15:31:59.421+01:00  INFO 6028 --- [etudiant2023] [           main] com.netflix.discovery.DiscoveryClient    : Discovery Client initialized at timestamp 1767709919419 with initial instances count: 0
2026-01-06T15:31:59.435+01:00  INFO 6028 --- [etudiant2023] [           main] o.s.c.n.e.s.EurekaServiceRegistry        : Registering application ETUDIANT2023 with eureka with status UP
2026-01-06T15:31:59.437+01:00  INFO 6028 --- [etudiant2023] [           main] com.netflix.discovery.DiscoveryClient    : Saw local status change event StatusChangeEvent [timestamp=1767709919437, current=UP, previous=STARTING]
2026-01-06T15:31:59.443+01:00  INFO 6028 --- [etudiant2023] [foReplicator-%d] com.netflix.discovery.DiscoveryClient    : DiscoveryClient_ETUDIANT2023/AC2I:etudiant2023:2023: registering service...
2026-01-06T15:31:59.511+01:00  INFO 6028 --- [etudiant2023] [           main] o.s.b.w.embedded.tomcat.TomcatWebServer  : Tomcat started on port 2023 (http) with context path '/'
2026-01-06T15:31:59.512+01:00  INFO 6028 --- [etudiant2023] [           main] .s.c.n.e.s.EurekaAutoServiceRegistration : Updating port to 2023
2026-01-06T15:31:59.585+01:00  INFO 6028 --- [etudiant2023] [foReplicator-%d] com.netflix.discovery.DiscoveryClient    : DiscoveryClient_ETUDIANT2023/AC2I:etudiant2023:2023 - registration status: 204
2026-01-06T15:32:00.228+01:00  INFO 6028 --- [etudiant2023] [           main] c.b.e.Etudiant2023Application            : Started Etudiant2023Application in 18.076 seconds (process running for 19.255)
2026-01-06T15:32:29.433+01:00  INFO 6028 --- [etudiant2023] [reshExecutor-%d] com.netflix.discovery.DiscoveryClient    : Disable delta property : false
2026-01-06T15:32:29.434+01:00  INFO 6028 --- [etudiant2023] [reshExecutor-%d] com.netflix.discovery.DiscoveryClient    : Single vip registry refresh property : null
2026-01-06T15:32:29.434+01:00  INFO 6028 --- [etudiant2023] [reshExecutor-%d] com.netflix.discovery.DiscoveryClient    : Force full registry fetch : false
2026-01-06T15:32:29.434+01:00  INFO 6028 --- [etudiant2023] [reshExecutor-%d] com.netflix.discovery.DiscoveryClient    : Application is null : false
2026-01-06T15:32:29.434+01:00  INFO 6028 --- [etudiant2023] [reshExecutor-%d] com.netflix.discovery.DiscoveryClient    : Registered Applications size is zero : true
2026-01-06T15:32:29.434+01:00  INFO 6028 --- [etudiant2023] [reshExecutor-%d] com.netflix.discovery.DiscoveryClient    : Application version is -1: false
2026-01-06T15:32:29.434+01:00  INFO 6028 --- [etudiant2023] [reshExecutor-%d] com.netflix.discovery.DiscoveryClient    : Getting all instance registry info from the eureka server
2026-01-06T15:32:29.472+01:00  INFO 6028 --- [etudiant2023] [reshExecutor-%d] com.netflix.discovery.DiscoveryClient    : The response status is 200
2026-01-06T15:33:10.996+01:00  INFO 6028 --- [etudiant2023] [nio-2023-exec-1] o.a.c.c.C.[Tomcat].[localhost].[/]       : Initializing Spring DispatcherServlet 'dispatcherServlet'
2026-01-06T15:33:10.997+01:00  INFO 6028 --- [etudiant2023] [nio-2023-exec-1] o.s.web.servlet.DispatcherServlet        : Initializing Servlet 'dispatcherServlet'
2026-01-06T15:33:11.000+01:00  INFO 6028 --- [etudiant2023] [nio-2023-exec-1] o.s.web.servlet.DispatcherServlet        : Completed initialization in 3 ms
2026-01-06T15:33:11.180+01:00  INFO 6028 --- [etudiant2023] [nio-2023-exec-2] o.apache.coyote.http11.Http11Processor   : Error parsing HTTP request header
 Note: further occurrences of HTTP request parsing errors will be logged at DEBUG level.

java.lang.IllegalArgumentException: Invalid character found in method name [0x160x030x010x07O0x010x000x07K0x030x030xc60xe50xb4l0xc0f/,7"A0x970x990x1b0x95A0x8c80xf70xa30x1e20x180xbe0xd80xdb0xffJ"90xe2a ]. HTTP method names must be tokens
	at org.apache.coyote.http11.Http11InputBuffer.parseRequestLine(Http11InputBuffer.java:402) ~[tomcat-embed-core-10.1.50.jar:10.1.50]
	at org.apache.coyote.http11.Http11Processor.service(Http11Processor.java:272) ~[tomcat-embed-core-10.1.50.jar:10.1.50]
	at org.apache.coyote.AbstractProcessorLight.process(AbstractProcessorLight.java:63) ~[tomcat-embed-core-10.1.50.jar:10.1.50]
	at org.apache.coyote.AbstractProtocol$ConnectionHandler.process(AbstractProtocol.java:903) ~[tomcat-embed-core-10.1.50.jar:10.1.50]
	at org.apache.tomcat.util.net.NioEndpoint$SocketProcessor.doRun(NioEndpoint.java:1774) ~[tomcat-embed-core-10.1.50.jar:10.1.50]
	at org.apache.tomcat.util.net.SocketProcessorBase.run(SocketProcessorBase.java:52) ~[tomcat-embed-core-10.1.50.jar:10.1.50]
	at org.apache.tomcat.util.threads.ThreadPoolExecutor.runWorker(ThreadPoolExecutor.java:973) ~[tomcat-embed-core-10.1.50.jar:10.1.50]
	at org.apache.tomcat.util.threads.ThreadPoolExecutor$Worker.run(ThreadPoolExecutor.java:491) ~[tomcat-embed-core-10.1.50.jar:10.1.50]
	at org.apache.tomcat.util.threads.TaskThread$WrappingRunnable.run(TaskThread.java:63) ~[tomcat-embed-core-10.1.50.jar:10.1.50]
	at java.base/java.lang.Thread.run(Thread.java:842) ~[na:na]

2026-01-06T15:33:30.628+01:00  WARN 6028 --- [etudiant2023] [nio-2023-exec-6] .w.s.m.s.DefaultHandlerExceptionResolver : Resolved [org.springframework.web.method.annotation.MethodArgumentTypeMismatchException: Method parameter 'id': Failed to convert value of type 'java.lang.String' to required type 'java.lang.Long'; For input string: "default"]
