[INFO] Scanning for projects...
[INFO] 
[INFO] -----------------------< com.elasri:ms-gateway >------------------------
[INFO] Building ms-gateway 0.0.1-SNAPSHOT
[INFO]   from pom.xml
[INFO] --------------------------------[ jar ]---------------------------------
[INFO] 
[INFO] >>> spring-boot:3.5.9:run (default-cli) > test-compile @ ms-gateway >>>
[INFO] 
[INFO] --- resources:3.3.1:resources (default-resources) @ ms-gateway ---
[INFO] Copying 1 resource from src\main\resources to target\classes
[INFO] Copying 0 resource from src\main\resources to target\classes
[INFO] 
[INFO] --- compiler:3.14.1:compile (default-compile) @ ms-gateway ---
[INFO] Nothing to compile - all classes are up to date.
[INFO] 
[INFO] --- resources:3.3.1:testResources (default-testResources) @ ms-gateway ---
[INFO] skip non existing resourceDirectory C:\Users\AC2I\Desktop\lefort\biblio-lefort\ms-gateway\src\test\resources
[INFO] 
[INFO] --- compiler:3.14.1:testCompile (default-testCompile) @ ms-gateway ---
[INFO] Nothing to compile - all classes are up to date.
[INFO] 
[INFO] <<< spring-boot:3.5.9:run (default-cli) < test-compile @ ms-gateway <<<
[INFO] 
[INFO] 
[INFO] --- spring-boot:3.5.9:run (default-cli) @ ms-gateway ---
[INFO] Attaching agents: []

  .   ____          _            __ _ _
 /\\ / ___'_ __ _ _(_)_ __  __ _ \ \ \ \
( ( )\___ | '_ | '_| | '_ \/ _` | \ \ \ \
 \\/  ___)| |_)| | | | | || (_| |  ) ) ) )
  '  |____| .__|_| |_|_| |_\__, | / / / /
 =========|_|==============|___/=/_/_/_/

 :: Spring Boot ::                (v3.5.9)

2026-01-06T15:32:09.473+01:00  INFO 1456 --- [ms-gateway] [           main] c.elasri.msgateway.MsGatewayApplication  : Starting MsGatewayApplication using Java 17.0.12 with PID 1456 (C:\Users\AC2I\Desktop\lefort\biblio-lefort\ms-gateway\target\classes started by AC2I in C:\Users\AC2I\Desktop\lefort\biblio-lefort\ms-gateway)
2026-01-06T15:32:09.477+01:00  INFO 1456 --- [ms-gateway] [           main] c.elasri.msgateway.MsGatewayApplication  : No active profile set, falling back to 1 default profile: "default"
2026-01-06T15:32:11.453+01:00  INFO 1456 --- [ms-gateway] [           main] o.s.cloud.context.scope.GenericScope     : BeanFactory id=d62d7136-e7db-3ae6-87b1-c9b2560f5edc
2026-01-06T15:32:13.181+01:00  WARN 1456 --- [ms-gateway] [           main] GatewayClassPathWarningAutoConfiguration : 

**********************************************************

The artifact spring-cloud-gateway-server is deprecated. It will be removed in the next major release. Please add spring-cloud-gateway-server-webflux dependency.

**********************************************************


2026-01-06T15:32:14.165+01:00  INFO 1456 --- [ms-gateway] [           main] o.s.c.g.r.RouteDefinitionRouteLocator    : Loaded RoutePredicateFactory [After]
2026-01-06T15:32:14.165+01:00  INFO 1456 --- [ms-gateway] [           main] o.s.c.g.r.RouteDefinitionRouteLocator    : Loaded RoutePredicateFactory [Before]
2026-01-06T15:32:14.166+01:00  INFO 1456 --- [ms-gateway] [           main] o.s.c.g.r.RouteDefinitionRouteLocator    : Loaded RoutePredicateFactory [Between]
2026-01-06T15:32:14.166+01:00  INFO 1456 --- [ms-gateway] [           main] o.s.c.g.r.RouteDefinitionRouteLocator    : Loaded RoutePredicateFactory [Cookie]
2026-01-06T15:32:14.166+01:00  INFO 1456 --- [ms-gateway] [           main] o.s.c.g.r.RouteDefinitionRouteLocator    : Loaded RoutePredicateFactory [Header]
2026-01-06T15:32:14.166+01:00  INFO 1456 --- [ms-gateway] [           main] o.s.c.g.r.RouteDefinitionRouteLocator    : Loaded RoutePredicateFactory [Host]
2026-01-06T15:32:14.166+01:00  INFO 1456 --- [ms-gateway] [           main] o.s.c.g.r.RouteDefinitionRouteLocator    : Loaded RoutePredicateFactory [Method]
2026-01-06T15:32:14.166+01:00  INFO 1456 --- [ms-gateway] [           main] o.s.c.g.r.RouteDefinitionRouteLocator    : Loaded RoutePredicateFactory [Path]
2026-01-06T15:32:14.166+01:00  INFO 1456 --- [ms-gateway] [           main] o.s.c.g.r.RouteDefinitionRouteLocator    : Loaded RoutePredicateFactory [Query]
2026-01-06T15:32:14.166+01:00  INFO 1456 --- [ms-gateway] [           main] o.s.c.g.r.RouteDefinitionRouteLocator    : Loaded RoutePredicateFactory [ReadBody]
2026-01-06T15:32:14.166+01:00  INFO 1456 --- [ms-gateway] [           main] o.s.c.g.r.RouteDefinitionRouteLocator    : Loaded RoutePredicateFactory [RemoteAddr]
2026-01-06T15:32:14.167+01:00  INFO 1456 --- [ms-gateway] [           main] o.s.c.g.r.RouteDefinitionRouteLocator    : Loaded RoutePredicateFactory [XForwardedRemoteAddr]
2026-01-06T15:32:14.167+01:00  INFO 1456 --- [ms-gateway] [           main] o.s.c.g.r.RouteDefinitionRouteLocator    : Loaded RoutePredicateFactory [Weight]
2026-01-06T15:32:14.167+01:00  INFO 1456 --- [ms-gateway] [           main] o.s.c.g.r.RouteDefinitionRouteLocator    : Loaded RoutePredicateFactory [CloudFoundryRouteService]
2026-01-06T15:32:14.809+01:00  INFO 1456 --- [ms-gateway] [           main] o.s.b.a.e.web.EndpointLinksResolver      : Exposing 1 endpoint beneath base path '/actuator'
2026-01-06T15:32:15.078+01:00  INFO 1456 --- [ms-gateway] [           main] DiscoveryClientOptionalArgsConfiguration : Eureka HTTP Client uses RestTemplate.
2026-01-06T15:32:15.106+01:00  WARN 1456 --- [ms-gateway] [           main] s.w.s.StarterDeprecatedAutoConfiguration : 

**********************************************************

spring-cloud-starter-gateway is deprecated. It will be removed in the next major release. Please use spring-cloud-starter-gateway-server-webflux instead.

**********************************************************


2026-01-06T15:32:15.117+01:00  WARN 1456 --- [ms-gateway] [           main] iguration$LoadBalancerCaffeineWarnLogger : Spring Cloud LoadBalancer is currently working with the default cache. While this cache implementation is useful for development and tests, it's recommended to use Caffeine cache in production.You can switch to using Caffeine cache, by adding it and org.springframework.cache.caffeine.CaffeineCacheManager to the classpath.
2026-01-06T15:32:15.229+01:00  INFO 1456 --- [ms-gateway] [           main] o.s.c.n.eureka.InstanceInfoFactory       : Setting initial instance status as: STARTING
2026-01-06T15:32:15.303+01:00  INFO 1456 --- [ms-gateway] [           main] com.netflix.discovery.DiscoveryClient    : Initializing Eureka in region us-east-1
2026-01-06T15:32:15.314+01:00  INFO 1456 --- [ms-gateway] [           main] c.n.d.s.r.aws.ConfigClusterResolver      : Resolving eureka endpoints via configuration
2026-01-06T15:32:15.329+01:00  INFO 1456 --- [ms-gateway] [           main] com.netflix.discovery.DiscoveryClient    : Disable delta property : false
2026-01-06T15:32:15.329+01:00  INFO 1456 --- [ms-gateway] [           main] com.netflix.discovery.DiscoveryClient    : Single vip registry refresh property : null
2026-01-06T15:32:15.330+01:00  INFO 1456 --- [ms-gateway] [           main] com.netflix.discovery.DiscoveryClient    : Force full registry fetch : false
2026-01-06T15:32:15.330+01:00  INFO 1456 --- [ms-gateway] [           main] com.netflix.discovery.DiscoveryClient    : Application is null : false
2026-01-06T15:32:15.330+01:00  INFO 1456 --- [ms-gateway] [           main] com.netflix.discovery.DiscoveryClient    : Registered Applications size is zero : true
2026-01-06T15:32:15.330+01:00  INFO 1456 --- [ms-gateway] [           main] com.netflix.discovery.DiscoveryClient    : Application version is -1: true
2026-01-06T15:32:15.330+01:00  INFO 1456 --- [ms-gateway] [           main] com.netflix.discovery.DiscoveryClient    : Getting all instance registry info from the eureka server
2026-01-06T15:32:15.811+01:00  INFO 1456 --- [ms-gateway] [           main] com.netflix.discovery.DiscoveryClient    : The response status is 200
2026-01-06T15:32:15.813+01:00  INFO 1456 --- [ms-gateway] [           main] com.netflix.discovery.DiscoveryClient    : Starting heartbeat executor: renew interval is: 30
2026-01-06T15:32:15.816+01:00  INFO 1456 --- [ms-gateway] [           main] c.n.discovery.InstanceInfoReplicator     : InstanceInfoReplicator onDemand update allowed rate per min is 4
2026-01-06T15:32:15.818+01:00  INFO 1456 --- [ms-gateway] [           main] com.netflix.discovery.DiscoveryClient    : Discovery Client initialized at timestamp 1767709935817 with initial instances count: 2
2026-01-06T15:32:15.821+01:00  INFO 1456 --- [ms-gateway] [           main] o.s.c.n.e.s.EurekaServiceRegistry        : Registering application MS-GATEWAY with eureka with status UP
2026-01-06T15:32:15.822+01:00  INFO 1456 --- [ms-gateway] [           main] com.netflix.discovery.DiscoveryClient    : Saw local status change event StatusChangeEvent [timestamp=1767709935822, current=UP, previous=STARTING]
2026-01-06T15:32:15.823+01:00  INFO 1456 --- [ms-gateway] [foReplicator-%d] com.netflix.discovery.DiscoveryClient    : DiscoveryClient_MS-GATEWAY/AC2I:ms-gateway:8085: registering service...
2026-01-06T15:32:15.872+01:00  INFO 1456 --- [ms-gateway] [foReplicator-%d] com.netflix.discovery.DiscoveryClient    : DiscoveryClient_MS-GATEWAY/AC2I:ms-gateway:8085 - registration status: 204
2026-01-06T15:32:16.054+01:00  INFO 1456 --- [ms-gateway] [           main] o.s.b.web.embedded.netty.NettyWebServer  : Netty started on port 8085 (http)
2026-01-06T15:32:16.055+01:00  INFO 1456 --- [ms-gateway] [           main] .s.c.n.e.s.EurekaAutoServiceRegistration : Updating port to 8085
2026-01-06T15:32:16.390+01:00  INFO 1456 --- [ms-gateway] [           main] c.elasri.msgateway.MsGatewayApplication  : Started MsGatewayApplication in 7.869 seconds (process running for 8.875)
2026-01-06T15:32:16.395+01:00  WARN 1456 --- [ms-gateway] [           main] o.s.b.c.p.m.PropertiesMigrationListener  : 
The use of configuration keys that have been renamed was found in the environment:

Property source 'Config resource 'class path resource [application.properties]' via location 'optional:classpath:/'':
	Key: spring.cloud.gateway.discovery.locator.enabled
		Line: 5
		Replacement: spring.cloud.gateway.server.webflux.discovery.locator.enabled
	Key: spring.cloud.gateway.discovery.locator.lower-case-service-id
		Line: 6
		Replacement: spring.cloud.gateway.server.webflux.discovery.locator.lower-case-service-id


Each configuration key has been temporarily mapped to its replacement for your convenience. To silence this warning, please update your configuration to use the new keys.

